{
  "RSpec": {
    "coverage": {
      "/home/user/rails-chatbot-app/app/agents/inventory_agent.rb": {
        "lines": [
          1,
          null,
          1,
          null,
          null,
          null,
          null,
          1,
          null,
          null,
          null,
          null,
          null,
          null,
          null,
          null,
          null,
          null,
          null,
          null,
          null,
          null,
          null,
          null,
          null,
          null,
          null,
          null,
          null,
          null,
          null,
          null,
          null,
          null,
          null,
          null,
          null,
          null,
          null,
          null,
          null,
          1,
          2,
          2,
          null,
          null,
          1,
          2,
          null,
          null,
          null,
          2,
          null,
          null,
          1,
          null,
          1,
          2,
          null,
          null
        ],
        "branches": {}
      },
      "/home/user/rails-chatbot-app/app/tools/inventory/products_consumed_on_dates_tool.rb": {
        "lines": [
          1,
          1,
          null,
          1,
          null,
          1,
          1,
          null,
          null,
          null,
          1,
          7,
          7,
          null,
          3,
          null,
          null,
          1,
          null,
          1,
          7,
          7,
          5,
          null,
          10,
          null,
          1,
          null,
          null,
          1,
          3,
          3,
          null,
          null,
          null,
          null,
          null,
          1,
          3,
          null,
          null,
          null,
          1,
          3,
          null,
          null,
          null,
          null,
          1,
          3,
          8,
          null,
          null,
          1,
          8,
          null,
          null
        ],
        "branches": {
          "[:if, 0, 13, 4, 13, 39]": {
            "[:then, 1, 13, 4, 13, 17]": 4,
            "[:else, 2, 13, 4, 13, 39]": 3
          },
          "[:if, 3, 22, 4, 22, 65]": {
            "[:then, 4, 22, 4, 22, 50]": 2,
            "[:else, 5, 22, 4, 22, 65]": 5
          },
          "[:if, 6, 23, 4, 23, 83]": {
            "[:then, 7, 23, 4, 23, 58]": 1,
            "[:else, 8, 23, 4, 23, 83]": 4
          }
        }
      },
      "/home/user/rails-chatbot-app/app/tools/inventory/low_stock_products_tool.rb": {
        "lines": [
          1,
          1,
          null,
          1,
          1,
          null,
          null,
          null,
          null,
          1,
          2,
          2,
          2,
          null,
          2,
          null,
          null,
          null,
          null,
          null,
          null,
          null,
          null,
          null
        ],
        "branches": {
          "[:if, 0, 12, 4, 12, 64]": {
            "[:then, 1, 12, 4, 12, 43]": 1,
            "[:else, 2, 12, 4, 12, 64]": 1
          }
        }
      },
      "/home/user/rails-chatbot-app/app/tools/inventory/product_lookup_tool.rb": {
        "lines": [
          1,
          1,
          null,
          1,
          1,
          null,
          null,
          1,
          2,
          2,
          null,
          1,
          null,
          1,
          null,
          null,
          null,
          null,
          null,
          null,
          null,
          null,
          null
        ],
        "branches": {
          "[:if, 0, 10, 4, 10, 61]": {
            "[:then, 1, 10, 4, 10, 46]": 1,
            "[:else, 2, 10, 4, 10, 61]": 1
          }
        }
      },
      "/home/user/rails-chatbot-app/app/agents/weather_agent.rb": {
        "lines": [
          null,
          null,
          null,
          1,
          1,
          null,
          null,
          null,
          null,
          null,
          null,
          null,
          null,
          null,
          null,
          null,
          null,
          null,
          null,
          null,
          null,
          null,
          null,
          null,
          null,
          null,
          null,
          null,
          null,
          null,
          null,
          null,
          1,
          2,
          2,
          null,
          null,
          1,
          2,
          null,
          null,
          null,
          2,
          null,
          null,
          1,
          null,
          1,
          2,
          null,
          null
        ],
        "branches": {}
      },
      "/home/user/rails-chatbot-app/app/services/chat/replier.rb": {
        "lines": [
          null,
          null,
          null,
          1,
          1,
          null,
          null,
          null,
          null,
          null,
          null,
          null,
          null,
          null,
          null,
          null,
          null,
          null,
          null,
          null,
          null,
          null,
          null,
          null,
          null,
          null,
          null,
          null,
          null,
          1,
          null,
          null,
          null,
          null,
          null,
          null,
          null,
          null,
          null,
          null,
          null,
          1,
          null,
          1,
          6,
          6,
          null,
          null,
          1,
          6,
          null,
          5,
          5,
          null,
          null,
          null,
          null,
          null,
          null,
          null
        ],
        "branches": {
          "[:unless, 0, 50, 4, 50, 59]": {
            "[:else, 1, 50, 4, 50, 59]": 5,
            "[:then, 2, 50, 4, 50, 10]": 1
          },
          "[:if, 3, 52, 4, 52, 52]": {
            "[:then, 4, 52, 4, 52, 36]": 3,
            "[:else, 5, 52, 4, 52, 52]": 2
          }
        }
      },
      "/home/user/rails-chatbot-app/app/tools/scheduling/list_appointments_for_date_tool.rb": {
        "lines": [
          1,
          1,
          null,
          1,
          1,
          1,
          null,
          null,
          null,
          null,
          1,
          3,
          2,
          2,
          4,
          null,
          1,
          null,
          null,
          1,
          null,
          1,
          3,
          null,
          null,
          1,
          null,
          2,
          null,
          null,
          null,
          null,
          null,
          null,
          null,
          null,
          null
        ],
        "branches": {
          "[:if, 0, 14, 4, 14, 59]": {
            "[:then, 1, 14, 4, 14, 40]": 1,
            "[:else, 2, 14, 4, 14, 59]": 1
          },
          "[:if, 3, 23, 4, 23, 58]": {
            "[:then, 4, 23, 21, 23, 40]": 2,
            "[:else, 5, 23, 43, 23, 58]": 1
          }
        }
      },
      "/home/user/rails-chatbot-app/app/tools/scheduling/upcoming_appointments_tool.rb": {
        "lines": [
          1,
          1,
          null,
          1,
          1,
          null,
          null,
          null,
          1,
          3,
          3,
          null,
          5,
          null,
          null,
          null,
          null,
          null,
          null,
          null,
          null,
          null
        ],
        "branches": {}
      },
      "/home/user/rails-chatbot-app/app/tools/cash_flow/daily_revenue_tool.rb": {
        "lines": [
          1,
          1,
          null,
          1,
          1,
          null,
          null,
          null,
          1,
          3,
          2,
          2,
          null,
          null,
          2,
          null,
          null,
          null,
          null,
          null,
          1,
          null,
          null,
          1,
          null,
          1,
          3,
          null,
          null,
          1,
          5,
          null,
          null
        ],
        "branches": {
          "[:if, 0, 27, 4, 27, 58]": {
            "[:then, 1, 27, 21, 27, 40]": 2,
            "[:else, 2, 27, 43, 27, 58]": 1
          }
        }
      },
      "/home/user/rails-chatbot-app/app/tools/cash_flow/sales_days_tool.rb": {
        "lines": [
          1,
          1,
          null,
          1,
          1,
          null,
          1,
          null,
          1,
          null,
          null,
          null,
          1,
          3,
          2,
          2,
          null,
          null,
          null,
          null,
          null,
          null,
          2,
          null,
          3,
          null,
          null,
          1,
          null,
          null,
          1,
          null,
          1,
          3,
          3,
          2,
          null,
          null,
          1,
          2,
          null,
          null
        ],
        "branches": {
          "[:if, 0, 34, 13, 34, 75]": {
            "[:then, 1, 34, 34, 34, 55]": 1,
            "[:else, 2, 34, 60, 34, 75]": 2
          },
          "[:if, 3, 35, 13, 35, 73]": {
            "[:then, 4, 35, 34, 35, 57]": 2,
            "[:else, 5, 35, 60, 35, 73]": 1
          }
        }
      },
      "/home/user/rails-chatbot-app/app/tools/customer_lookup/find_customer_by_phone_tool.rb": {
        "lines": [
          1,
          1,
          null,
          1,
          1,
          null,
          null,
          1,
          3,
          3,
          null,
          2,
          2,
          null,
          null,
          1,
          null,
          null,
          null,
          1,
          null,
          null,
          null
        ],
        "branches": {
          "[:if, 0, 10, 4, 10, 70]": {
            "[:then, 1, 10, 4, 10, 53]": 1,
            "[:else, 2, 10, 4, 10, 70]": 2
          },
          "[:unless, 3, 13, 4, 13, 80]": {
            "[:else, 4, 13, 4, 13, 80]": 1,
            "[:then, 5, 13, 4, 13, 64]": 1
          }
        }
      },
      "/home/user/rails-chatbot-app/app/tools/inventory/ask_agent_tool.rb": {
        "lines": [
          null,
          null,
          null,
          null,
          1,
          1,
          null,
          1,
          1,
          null,
          null,
          null,
          1,
          2,
          null,
          1,
          null,
          null
        ],
        "branches": {
          "[:if, 0, 14, 4, 14, 58]": {
            "[:then, 1, 14, 4, 14, 39]": 1,
            "[:else, 2, 14, 4, 14, 58]": 1
          }
        }
      },
      "/home/user/rails-chatbot-app/app/tools/weather/ask_agent_tool.rb": {
        "lines": [
          null,
          null,
          null,
          null,
          1,
          1,
          null,
          1,
          1,
          null,
          null,
          null,
          1,
          2,
          null,
          1,
          null,
          null
        ],
        "branches": {
          "[:if, 0, 14, 4, 14, 58]": {
            "[:then, 1, 14, 4, 14, 39]": 1,
            "[:else, 2, 14, 4, 14, 58]": 1
          }
        }
      },
      "/home/user/rails-chatbot-app/app/services/chat/reply_stream.rb": {
        "lines": [
          null,
          null,
          null,
          1,
          1,
          6,
          null,
          null,
          1,
          6,
          6,
          5,
          null,
          6,
          null,
          null,
          1,
          null,
          1,
          7,
          12,
          null,
          null,
          1,
          6,
          6,
          null,
          null
        ],
        "branches": {
          "[:\"&.\", 0, 25, 48, 25, 68]": {
            "[:then, 1, 25, 48, 25, 68]": 2,
            "[:else, 2, 25, 48, 25, 68]": 4
          },
          "[:if, 3, 25, 4, 25, 77]": {
            "[:then, 4, 25, 4, 25, 44]": 1,
            "[:else, 5, 25, 4, 25, 77]": 5
          },
          "[:if, 6, 26, 4, 26, 61]": {
            "[:then, 7, 26, 4, 26, 35]": 3,
            "[:else, 8, 26, 4, 26, 61]": 3
          }
        }
      },
      "/home/user/rails-chatbot-app/app/services/llm/timing_middleware.rb": {
        "lines": [
          null,
          null,
          null,
          1,
          1,
          2,
          2,
          1,
          1,
          null,
          1,
          1,
          null,
          null,
          1,
          null,
          1,
          2,
          2,
          null,
          null,
          1,
          2,
          null,
          null,
          null
        ],
        "branches": {
          "[:\"&.\", 0, 24, 14, 24, 30]": {
            "[:then, 1, 24, 14, 24, 30]": 1,
            "[:else, 2, 24, 14, 24, 30]": 1
          }
        }
      },
      "/home/user/rails-chatbot-app/app/services/weather/mock.rb": {
        "lines": [
          null,
          null,
          null,
          1,
          1,
          1,
          null,
          null,
          1,
          null,
          null,
          null,
          null,
          null,
          null,
          null,
          null,
          null,
          null,
          null,
          null,
          null,
          null,
          null,
          null,
          null,
          null,
          null,
          null,
          null,
          null,
          1,
          null,
          null,
          1,
          3,
          null,
          null,
          null,
          null,
          1,
          6,
          88,
          9,
          null,
          9,
          null,
          null,
          1,
          13,
          null,
          null,
          null
        ],
        "branches": {
          "[:if, 0, 50, 6, 50, 58]": {
            "[:then, 1, 50, 26, 50, 31]": 1,
            "[:else, 2, 50, 34, 50, 58]": 12
          }
        }
      },
      "/home/user/rails-chatbot-app/app/tools/weather/forecast_tool.rb": {
        "lines": [
          1,
          1,
          null,
          1,
          1,
          null,
          1,
          null,
          null,
          null,
          1,
          3,
          3,
          null,
          2,
          null,
          null,
          null,
          null,
          1,
          null,
          null
        ],
        "branches": {}
      },
      "/home/user/rails-chatbot-app/app/models/payment.rb": {
        "lines": [
          1,
          1,
          1,
          null,
          1,
          null,
          1,
          1,
          null,
          1,
          1,
          1,
          null,
          3,
          null
        ],
        "branches": {}
      },
      "/home/user/rails-chatbot-app/app/models/stock_movement.rb": {
        "lines": [
          1,
          1,
          null,
          1,
          null,
          1,
          null,
          1,
          1,
          1,
          null
        ],
        "branches": {}
      },
      "/home/user/rails-chatbot-app/app/models/appointment_photo.rb": {
        "lines": [
          1,
          1,
          null,
          1,
          null,
          1,
          null,
          1,
          1,
          null
        ],
        "branches": {}
      },
      "/home/user/rails-chatbot-app/app/models/appointment.rb": {
        "lines": [
          1,
          1,
          null,
          1,
          1,
          1,
          1,
          null,
          1,
          1,
          null,
          1,
          null,
          1,
          1,
          1,
          null,
          4,
          3,
          1,
          null
        ],
        "branches": {}
      },
      "/home/user/rails-chatbot-app/app/models/vehicle.rb": {
        "lines": [
          1,
          1,
          null,
          1,
          1,
          null,
          1,
          null,
          1,
          1,
          1,
          1,
          null
        ],
        "branches": {}
      },
      "/home/user/rails-chatbot-app/app/models/customer.rb": {
        "lines": [
          1,
          1,
          1,
          null,
          1,
          1,
          1,
          1,
          null,
          1,
          null
        ],
        "branches": {}
      },
      "/home/user/rails-chatbot-app/app/models/product.rb": {
        "lines": [
          1,
          1,
          1,
          null,
          1,
          null,
          1,
          1,
          null,
          1,
          1,
          1,
          1,
          1,
          null,
          null,
          3,
          null
        ],
        "branches": {}
      },
      "/home/user/rails-chatbot-app/app/models/service_type.rb": {
        "lines": [
          1,
          1,
          null,
          1,
          null,
          1,
          null,
          1,
          1,
          1,
          1,
          null
        ],
        "branches": {}
      },
      "/home/user/rails-chatbot-app/app/models/employee.rb": {
        "lines": [
          1,
          1,
          null,
          1,
          null,
          1,
          null,
          1,
          1,
          null,
          1,
          null
        ],
        "branches": {}
      },
      "/home/user/rails-chatbot-app/app/controllers/messages_controller.rb": {
        "lines": [
          1,
          1,
          null,
          1,
          null,
          1,
          2,
          2,
          2,
          null,
          null,
          1,
          null,
          1,
          2,
          null,
          null,
          1,
          2,
          null,
          null,
          1,
          2,
          2,
          2,
          null,
          null
        ],
        "branches": {}
      },
      "/home/user/rails-chatbot-app/app/controllers/chats_controller.rb": {
        "lines": [
          1,
          1,
          2,
          null,
          null,
          1,
          1,
          null,
          null,
          1,
          1,
          1,
          null,
          null
        ],
        "branches": {}
      }
    },
    "timestamp": 1783135425
  }
}
